<?xml version="1.0" encoding="UTF-8"?>
<testsuites name="Selenium E2E: admin-listings" time="44.772" tests="1" failures="1">
  <testsuite name="Root Suite" timestamp="2025-10-24T04:10:28" tests="0" time="0.000" failures="0">
  </testsuite>
  <testsuite name="Admin moderation E2E" timestamp="2025-10-24T04:10:28" tests="1" file="/Users/vidaththeekshana/Desktop/CT/Boarding-Bee/tests/selenium/admin-listings.test.js" time="44.772" failures="1">
    <testcase name="Admin moderation E2E admin can approve a pending listing and perform bulk/reject flows" time="44.771" classname="admin can approve a pending listing and perform bulk/reject flows">
      <failure message="Listing card for id 420 should be visible in Pending" type="Error"><![CDATA[Error: Listing card for id 420 should be visible in Pending
    at Context.<anonymous> (tests/selenium/admin-listings.test.js:192:15)]]></failure>
    </testcase>
  </testsuite>
</testsuites>