<?xml version="1.0" encoding="UTF-8"?>
<testsuites name="Selenium E2E: user-login" time="6.666" tests="5" failures="2">
  <testsuite name="Root Suite" timestamp="2025-10-24T04:09:06" tests="0" time="0.000" failures="0">
  </testsuite>
  <testsuite name="User Login E2E" timestamp="2025-10-24T04:09:06" tests="5" file="/Users/vidaththeekshana/Desktop/CT/Boarding-Bee/tests/selenium/user-login.test.js" time="6.665" failures="2">
    <testcase name="User Login E2E Happy Path" time="1.695" classname="Happy Path">
    </testcase>
    <testcase name="User Login E2E Invalid Email Format" time="1.445" classname="Invalid Email Format">
    </testcase>
    <testcase name="User Login E2E Wrong Password" time="1.237" classname="Wrong Password">
      <failure message="No wrong password error shown" type="Error"><![CDATA[Error: No wrong password error shown
    at testWrongPassword (tests/selenium/user-login.test.js:107:23)
    at process.processTicksAndRejections (node:internal/process/task_queues:105:5)
    at async Context.<anonymous> (tests/selenium/user-login.test.js:178:5)]]></failure>
    </testcase>
    <testcase name="User Login E2E Non-existent Email" time="1.201" classname="Non-existent Email">
      <failure message="No non-existent email error shown" type="Error"><![CDATA[Error: No non-existent email error shown
    at testNonExistentEmail (tests/selenium/user-login.test.js:134:23)
    at process.processTicksAndRejections (node:internal/process/task_queues:105:5)
    at async Context.<anonymous> (tests/selenium/user-login.test.js:181:5)]]></failure>
    </testcase>
    <testcase name="User Login E2E Blank Fields" time="1.085" classname="Blank Fields">
    </testcase>
  </testsuite>
</testsuites>