<?xml version="1.0" encoding="UTF-8"?>
<testsuites name="Selenium E2E: user-login" time="13.870" tests="5" failures="4">
  <testsuite name="Root Suite" timestamp="2025-10-09T17:54:17" tests="0" time="0.000" failures="0">
  </testsuite>
  <testsuite name="User Login E2E" timestamp="2025-10-09T17:54:17" tests="5" file="/Users/helindusenadheera/Documents/Boarding-Bee/tests/selenium/user-login.test.js" time="13.870" failures="4">
    <testcase name="User Login E2E Happy Path" time="4.472" classname="Happy Path">
    </testcase>
    <testcase name="User Login E2E Invalid Email Format" time="2.921" classname="Invalid Email Format">
      <failure message="No invalid email format error shown" type="Error"><![CDATA[Error: No invalid email format error shown
    at testInvalidEmailFormat (tests/selenium/user-login.test.js:79:23)
    at process.processTicksAndRejections (node:internal/process/task_queues:105:5)
    at async Context.<anonymous> (tests/selenium/user-login.test.js:175:5)]]></failure>
    </testcase>
    <testcase name="User Login E2E Wrong Password" time="2.897" classname="Wrong Password">
      <failure message="No wrong password error shown" type="Error"><![CDATA[Error: No wrong password error shown
    at testWrongPassword (tests/selenium/user-login.test.js:107:23)
    at process.processTicksAndRejections (node:internal/process/task_queues:105:5)
    at async Context.<anonymous> (tests/selenium/user-login.test.js:178:5)]]></failure>
    </testcase>
    <testcase name="User Login E2E Non-existent Email" time="1.999" classname="Non-existent Email">
      <failure message="No non-existent email error shown" type="Error"><![CDATA[Error: No non-existent email error shown
    at testNonExistentEmail (tests/selenium/user-login.test.js:134:23)
    at process.processTicksAndRejections (node:internal/process/task_queues:105:5)
    at async Context.<anonymous> (tests/selenium/user-login.test.js:181:5)]]></failure>
    </testcase>
    <testcase name="User Login E2E Blank Fields" time="1.571" classname="Blank Fields">
      <failure message="No required field error shown" type="Error"><![CDATA[Error: No required field error shown
    at testBlankFields (tests/selenium/user-login.test.js:160:23)
    at process.processTicksAndRejections (node:internal/process/task_queues:105:5)
    at async Context.<anonymous> (tests/selenium/user-login.test.js:184:5)]]></failure>
    </testcase>
  </testsuite>
</testsuites>