<?xml version="1.0" encoding="UTF-8"?>
<testsuites name="Selenium E2E: user-registration" time="23.652" tests="5" failures="1">
  <testsuite name="Root Suite" timestamp="2025-10-09T17:53:50" tests="0" time="0.000" failures="0">
  </testsuite>
  <testsuite name="User Registration E2E" timestamp="2025-10-09T17:53:50" tests="5" file="/Users/helindusenadheera/Documents/Boarding-Bee/tests/selenium/user-registration.test.js" time="23.652" failures="1">
    <testcase name="User Registration E2E Happy Path" time="8.506" classname="Happy Path">
    </testcase>
    <testcase name="User Registration E2E Invalid Email" time="4.026" classname="Invalid Email">
      <failure message="No invalid email error shown" type="Error"><![CDATA[Error: No invalid email error shown
    at testInvalidEmail (tests/selenium/user-registration.test.js:113:23)
    at process.processTicksAndRejections (node:internal/process/task_queues:105:5)
    at async Context.<anonymous> (tests/selenium/user-registration.test.js:225:5)]]></failure>
    </testcase>
    <testcase name="User Registration E2E Unmatched Passwords" time="3.645" classname="Unmatched Passwords">
    </testcase>
    <testcase name="User Registration E2E Required Fields Blank" time="2.487" classname="Required Fields Blank">
    </testcase>
    <testcase name="User Registration E2E Duplicate Email/Username" time="4.971" classname="Duplicate Email/Username">
    </testcase>
  </testsuite>
</testsuites>